Build started 4/2/2013 10:45:50 PM.
     1>Project "C:\Users\joe.HOME\Documents\GitHub\PowerShell\Invoke-ReflectiveDllInjection\DemoExe\DemoExe\DemoExe.vcxproj" on node 2 (build target(s)).
     1>InitializeBuildStatus:
         Creating "x64\Debug\DemoExe.unsuccessfulbuild" because "AlwaysCreate" was specified.
       ClCompile:
         All outputs are up-to-date.
         C:\Program Files (x86)\Microsoft Visual Studio 10.0\VC\bin\x86_amd64\CL.exe /c /Zi /nologo /W3 /WX- /Od /D WIN32 /D _DEBUG /D _CONSOLE /D _UNICODE /D UNICODE /Gm /EHsc /RTC1 /MDd /GS /fp:precise /Zc:wchar_t /Zc:forScope /Yu"StdAfx.h" /Fp"x64\Debug\DemoExe.pch" /Fo"x64\Debug\\" /Fd"x64\Debug\vc100.pdb" /Gd /TP /errorReport:prompt DemoExe.cpp
         DemoExe.cpp
       ManifestResourceCompile:
         All outputs are up-to-date.
       Link:
         C:\Program Files (x86)\Microsoft Visual Studio 10.0\VC\bin\x86_amd64\link.exe /ERRORREPORT:PROMPT /OUT:"C:\Users\joe.HOME\Documents\GitHub\PowerShell\Invoke-ReflectiveDllInjection\DemoExe\x64\Debug\DemoExe.exe" /INCREMENTAL /NOLOGO kernel32.lib user32.lib gdi32.lib winspool.lib comdlg32.lib advapi32.lib shell32.lib ole32.lib oleaut32.lib uuid.lib odbc32.lib odbccp32.lib /MANIFEST /ManifestFile:"x64\Debug\DemoExe.exe.intermediate.manifest" /MANIFESTUAC:"level='asInvoker' uiAccess='false'" /DEBUG /PDB:"C:\Users\joe.HOME\Documents\GitHub\PowerShell\Invoke-ReflectiveDllInjection\DemoExe\x64\Debug\DemoExe.pdb" /SUBSYSTEM:CONSOLE /TLBID:1 /DYNAMICBASE /NXCOMPAT /IMPLIB:"C:\Users\joe.HOME\Documents\GitHub\PowerShell\Invoke-ReflectiveDllInjection\DemoExe\x64\Debug\DemoExe.lib" /MACHINE:X64 x64\Debug\DemoExe.exe.embed.manifest.res
         x64\Debug\DemoExe.obj
         x64\Debug\stdafx.obj
         DemoExe.vcxproj -> C:\Users\joe.HOME\Documents\GitHub\PowerShell\Invoke-ReflectiveDllInjection\DemoExe\x64\Debug\DemoExe.exe
       Manifest:
         C:\Program Files (x86)\Microsoft SDKs\Windows\v7.0A\bin\mt.exe /nologo /verbose /out:"x64\Debug\DemoExe.exe.embed.manifest" /manifest x64\Debug\DemoExe.exe.intermediate.manifest
         All outputs are up-to-date.
       LinkEmbedManifest:
         All outputs are up-to-date.
         DemoExe.vcxproj -> C:\Users\joe.HOME\Documents\GitHub\PowerShell\Invoke-ReflectiveDllInjection\DemoExe\x64\Debug\DemoExe.exe
       FinalizeBuildStatus:
         Deleting file "x64\Debug\DemoExe.unsuccessfulbuild".
         Touching "x64\Debug\DemoExe.lastbuildstate".
     1>Done Building Project "C:\Users\joe.HOME\Documents\GitHub\PowerShell\Invoke-ReflectiveDllInjection\DemoExe\DemoExe\DemoExe.vcxproj" (build target(s)).

Build succeeded.

Time Elapsed 00:00:00.51
