Build started 9/30/2013 8:29:01 AM.
Project "C:\Github\PowerShellExperimental\Invoke-Mimikatz\mimikatz-1.0\librairies\klock\klock.vcxproj" on node 2 (build target(s)).
InitializeBuildStatus:
  Creating "x64\klock.unsuccessfulbuild" because "AlwaysCreate" was specified.
ClCompile:
  C:\Program Files (x86)\Microsoft Visual Studio 10.0\VC\bin\x86_amd64\CL.exe /c /I"C:\Github\PowerShellExperimental\Invoke-Mimikatz\mimikatz-1.0\/commun" /I"C:\Github\PowerShellExperimental\Invoke-Mimikatz\mimikatz-1.0\/modules" /Zi /nologo /W3 /WX- /Ox /Oi /Os /GL /D WIN32 /D NDEBUG /D _WINDOWS /D _USRDLL /D KLOCK_EXPORTS /D _WINDLL /D _UNICODE /D UNICODE /GF /Gm- /MT /GS /Gy /fp:fast /fp:except- /Zc:wchar_t /Zc:forScope /Fo"x64\\" /Fd"x64\vc100.pdb" /Gd /TP /errorReport:none ..\..\commun\kmodel.cpp ..\..\modules\mod_parseur.cpp ..\..\modules\mod_pipe.cpp ..\..\modules\mod_system.cpp klock.cpp
  kmodel.cpp
  mod_parseur.cpp
  mod_pipe.cpp
  mod_system.cpp
  klock.cpp
ResourceCompile:
  C:\Program Files (x86)\Microsoft SDKs\Windows\v7.0A\bin\rc.exe /D _UNICODE /D UNICODE /l"0x040c" /nologo /fo"x64\klock.res" klock.rc 
Link:
  C:\Program Files (x86)\Microsoft Visual Studio 10.0\VC\bin\x86_amd64\link.exe /ERRORREPORT:NONE /OUT:"C:\Github\PowerShellExperimental\Invoke-Mimikatz\mimikatz-1.0\x64\klock.dll" /INCREMENTAL:NO /NOLOGO user32.lib shlwapi.lib secur32.lib /MANIFEST /ManifestFile:"x64\klock.dll.intermediate.manifest" /MANIFESTUAC:"level='asInvoker' uiAccess='false'" /PDB:"C:\Github\PowerShellExperimental\Invoke-Mimikatz\mimikatz-1.0\x64\klock.pdb" /SUBSYSTEM:WINDOWS /OPT:REF /OPT:ICF /LTCG /TLBID:1 /DYNAMICBASE /NXCOMPAT /IMPLIB:"C:\Github\PowerShellExperimental\Invoke-Mimikatz\mimikatz-1.0\x64\klock.lib" /MACHINE:X64 /DLL x64\klock.res
  x64\kmodel.obj
  x64\mod_parseur.obj
  x64\mod_pipe.obj
  x64\mod_system.obj
  x64\klock.obj
     Creating library C:\Github\PowerShellExperimental\Invoke-Mimikatz\mimikatz-1.0\x64\klock.lib and object C:\Github\PowerShellExperimental\Invoke-Mimikatz\mimikatz-1.0\x64\klock.exp
  Generating code
  Finished generating code
  klock.vcxproj -> C:\Github\PowerShellExperimental\Invoke-Mimikatz\mimikatz-1.0\x64\klock.dll
Manifest:
  C:\Program Files (x86)\Microsoft SDKs\Windows\v7.0A\bin\mt.exe /nologo /verbose /outputresource:"C:\Github\PowerShellExperimental\Invoke-Mimikatz\mimikatz-1.0\x64\klock.dll;#2" /manifest x64\klock.dll.intermediate.manifest "C:\Program Files (x86)\Microsoft Visual Studio 10.0\VC\Include\Manifest\dpiaware.manifest"
FinalizeBuildStatus:
  Deleting file "x64\klock.unsuccessfulbuild".
  Touching "x64\klock.lastbuildstate".
Done Building Project "C:\Github\PowerShellExperimental\Invoke-Mimikatz\mimikatz-1.0\librairies\klock\klock.vcxproj" (build target(s)).

Build succeeded.

Time Elapsed 00:00:03.83
