C:\SVN\MIMIKATZ2\MIMILIB\X64\VCDDK2003.PDB
C:\SVN\MIMIKATZ2\MIMILIB\X64\UTILS.OBJ
C:\SVN\MIMIKATZ2\MIMILIB\X64\KWINDBG.OBJ
C:\SVN\MIMIKATZ2\MIMILIB\X64\KUHL_M_SEKURLSA_UTILS.OBJ
C:\SVN\MIMIKATZ2\MIMILIB\X64\KUHL_M_SEKURLSA_PACKAGES.OBJ
C:\SVN\MIMIKATZ2\MIMILIB\X64\KUHL_M_SEKURLSA_NT6.OBJ
C:\SVN\MIMIKATZ2\MIMILIB\X64\KSSP.OBJ
C:\SVN\MIMIKATZ2\MIMILIB\X64\KFILT.OBJ
C:\SVN\MIMIKATZ2\MIMILIB\X64\KAPPFREE.OBJ
C:\SVN\MIMIKATZ2\X64\MIMILIB.DLL
C:\SVN\Mimikatz2\x64\mimilib.lib
C:\SVN\Mimikatz2\x64\mimilib.exp
C:\SVN\MIMIKATZ2\MIMILIB\X64\MIMILIB.RES
C:\SVN\Mimikatz2\mimilib\x64\kappfree.obj
C:\SVN\Mimikatz2\mimilib\x64\kfilt.obj
C:\SVN\Mimikatz2\mimilib\x64\kssp.obj
C:\SVN\Mimikatz2\mimilib\x64\kuhl_m_sekurlsa_nt6.obj
C:\SVN\Mimikatz2\mimilib\x64\kuhl_m_sekurlsa_packages.obj
C:\SVN\Mimikatz2\mimilib\x64\kuhl_m_sekurlsa_utils.obj
C:\SVN\Mimikatz2\mimilib\x64\kwindbg.obj
C:\SVN\Mimikatz2\mimilib\x64\utils.obj
C:\SVN\Mimikatz2\mimilib\x64\cl.command.1.tlog
C:\SVN\Mimikatz2\mimilib\x64\CL.read.1.tlog
C:\SVN\Mimikatz2\mimilib\x64\CL.write.1.tlog
C:\SVN\Mimikatz2\mimilib\x64\link-cvtres.read.1.tlog
C:\SVN\Mimikatz2\mimilib\x64\link-cvtres.write.1.tlog
C:\SVN\Mimikatz2\mimilib\x64\link.command.1.tlog
C:\SVN\Mimikatz2\mimilib\x64\link.read.1.tlog
C:\SVN\Mimikatz2\mimilib\x64\link.write.1.tlog
C:\SVN\Mimikatz2\mimilib\x64\mimilib.write.1.tlog
C:\SVN\Mimikatz2\mimilib\x64\rc.command.1.tlog
C:\SVN\Mimikatz2\mimilib\x64\rc.read.1.tlog
C:\SVN\Mimikatz2\mimilib\x64\rc.write.1.tlog
C:\SVN\Mimikatz2\mimilib\x64\mimilib.res
C:\SVN\Mimikatz2\mimilib\x64\vcddk2003.pdb
C:\SVN\Mimikatz2\x64\mimilib.dll
