C:\SVN\MIMIKATZ2\MIMIKATZ\X64\VCDDK2003.PDB
C:\SVN\MIMIKATZ2\MIMIKATZ\X64\KUHL_M_KERNEL.OBJ
C:\SVN\MIMIKATZ2\MIMIKATZ\X64\KUHL_M_KERBEROS.OBJ
C:\SVN\MIMIKATZ2\MIMIKATZ\X64\KULL_M_PATCH.OBJ
C:\SVN\MIMIKATZ2\MIMIKATZ\X64\KULL_M_ASN1.OBJ
C:\SVN\MIMIKATZ2\MIMIKATZ\X64\KUHL_M_SEKURLSA_SSP.OBJ
C:\SVN\MIMIKATZ2\MIMIKATZ\X64\KULL_M_OUTPUT.OBJ
C:\SVN\MIMIKATZ2\MIMIKATZ\X64\KUHL_M_EVENT.OBJ
C:\SVN\MIMIKATZ2\MIMIKATZ\X64\KUHL_M_CRYPTO.OBJ
C:\SVN\MIMIKATZ2\MIMIKATZ\X64\KUHL_M_KERBEROS_TICKET.OBJ
C:\SVN\MIMIKATZ2\MIMIKATZ\X64\KUHL_M_KERBEROS_PAC.OBJ
C:\SVN\MIMIKATZ2\MIMIKATZ\X64\KULL_M_TOKEN.OBJ
C:\SVN\MIMIKATZ2\MIMIKATZ\X64\KULL_M_STRING.OBJ
C:\SVN\MIMIKATZ2\MIMIKATZ\X64\KULL_M_SERVICE.OBJ
C:\SVN\MIMIKATZ2\MIMIKATZ\X64\KULL_M_REGISTRY.OBJ
C:\SVN\MIMIKATZ2\MIMIKATZ\X64\KULL_M_PROCESS.OBJ
C:\SVN\MIMIKATZ2\MIMIKATZ\X64\KULL_M_MINIDUMP.OBJ
C:\SVN\MIMIKATZ2\MIMIKATZ\X64\KULL_M_MEMORY.OBJ
C:\SVN\MIMIKATZ2\MIMIKATZ\X64\KULL_M_NET.OBJ
C:\SVN\MIMIKATZ2\MIMIKATZ\X64\KULL_M_KERNEL.OBJ
C:\SVN\MIMIKATZ2\MIMIKATZ\X64\KULL_M_HANDLE.OBJ
C:\SVN\MIMIKATZ2\MIMIKATZ\X64\KULL_M_FILE.OBJ
C:\SVN\MIMIKATZ2\MIMIKATZ\X64\KUHL_M_SEKURLSA_MSV1_0.OBJ
C:\SVN\MIMIKATZ2\MIMIKATZ\X64\KUHL_M_SEKURLSA_LIVESSP.OBJ
C:\SVN\MIMIKATZ2\MIMIKATZ\X64\KUHL_M_SEKURLSA_KERBEROS.OBJ
C:\SVN\MIMIKATZ2\MIMIKATZ\X64\KUHL_M_SEKURLSA_DPAPI.OBJ
C:\SVN\MIMIKATZ2\MIMIKATZ\X64\KUHL_M_SEKURLSA_UTILS.OBJ
C:\SVN\MIMIKATZ2\MIMIKATZ\X64\KUHL_M_SEKURLSA.OBJ
C:\SVN\MIMIKATZ2\MIMIKATZ\X64\KUHL_M_SEKURLSA_NT63.OBJ
C:\SVN\MIMIKATZ2\MIMIKATZ\X64\KUHL_M_SEKURLSA_NT6.OBJ
C:\SVN\MIMIKATZ2\MIMIKATZ\X64\KUHL_M_SEKURLSA_NT5.OBJ
C:\SVN\MIMIKATZ2\MIMIKATZ\X64\KUHL_M_VAULT.OBJ
C:\SVN\MIMIKATZ2\MIMIKATZ\X64\KUHL_M_TS.OBJ
C:\SVN\MIMIKATZ2\MIMIKATZ\X64\KUHL_M_TOKEN.OBJ
C:\SVN\MIMIKATZ2\MIMIKATZ\X64\KUHL_M_STANDARD.OBJ
C:\SVN\MIMIKATZ2\MIMIKATZ\X64\KUHL_M_SERVICE.OBJ
C:\SVN\MIMIKATZ2\MIMIKATZ\X64\KUHL_M_PROCESS.OBJ
C:\SVN\MIMIKATZ2\MIMIKATZ\X64\KUHL_M_PRIVILEGE.OBJ
C:\SVN\MIMIKATZ2\MIMIKATZ\X64\KUHL_M_NET.OBJ
C:\SVN\MIMIKATZ2\MIMIKATZ\X64\KUHL_M_MISC.OBJ
C:\SVN\MIMIKATZ2\MIMIKATZ\X64\KUHL_M_LSADUMP.OBJ
C:\SVN\MIMIKATZ2\MIMIKATZ\X64\KUHL_M_SEKURLSA_WDIGEST.OBJ
C:\SVN\MIMIKATZ2\MIMIKATZ\X64\KUHL_M_SEKURLSA_TSPKG.OBJ
C:\SVN\MIMIKATZ2\MIMIKATZ\X64\MIMIKATZ.OBJ
C:\SVN\MIMIKATZ2\X64\MIMIKATZ.DLL
C:\SVN\Mimikatz2\x64\mimikatz.lib
C:\SVN\Mimikatz2\x64\mimikatz.exp
C:\SVN\MIMIKATZ2\MIMIKATZ\X64\MIMIKATZ.RES
C:\SVN\Mimikatz2\mimikatz\x64\kuhl_m_crypto.obj
C:\SVN\Mimikatz2\mimikatz\x64\kuhl_m_event.obj
C:\SVN\Mimikatz2\mimikatz\x64\kuhl_m_kerberos.obj
C:\SVN\Mimikatz2\mimikatz\x64\kuhl_m_kerberos_pac.obj
C:\SVN\Mimikatz2\mimikatz\x64\kuhl_m_kerberos_ticket.obj
C:\SVN\Mimikatz2\mimikatz\x64\kuhl_m_kernel.obj
C:\SVN\Mimikatz2\mimikatz\x64\kuhl_m_lsadump.obj
C:\SVN\Mimikatz2\mimikatz\x64\kuhl_m_misc.obj
C:\SVN\Mimikatz2\mimikatz\x64\kuhl_m_net.obj
C:\SVN\Mimikatz2\mimikatz\x64\kuhl_m_privilege.obj
C:\SVN\Mimikatz2\mimikatz\x64\kuhl_m_process.obj
C:\SVN\Mimikatz2\mimikatz\x64\kuhl_m_sekurlsa.obj
C:\SVN\Mimikatz2\mimikatz\x64\kuhl_m_sekurlsa_dpapi.obj
C:\SVN\Mimikatz2\mimikatz\x64\kuhl_m_sekurlsa_kerberos.obj
C:\SVN\Mimikatz2\mimikatz\x64\kuhl_m_sekurlsa_livessp.obj
C:\SVN\Mimikatz2\mimikatz\x64\kuhl_m_sekurlsa_msv1_0.obj
C:\SVN\Mimikatz2\mimikatz\x64\kuhl_m_sekurlsa_nt5.obj
C:\SVN\Mimikatz2\mimikatz\x64\kuhl_m_sekurlsa_nt6.obj
C:\SVN\Mimikatz2\mimikatz\x64\kuhl_m_sekurlsa_nt63.obj
C:\SVN\Mimikatz2\mimikatz\x64\kuhl_m_sekurlsa_ssp.obj
C:\SVN\Mimikatz2\mimikatz\x64\kuhl_m_sekurlsa_tspkg.obj
C:\SVN\Mimikatz2\mimikatz\x64\kuhl_m_sekurlsa_utils.obj
C:\SVN\Mimikatz2\mimikatz\x64\kuhl_m_sekurlsa_wdigest.obj
C:\SVN\Mimikatz2\mimikatz\x64\kuhl_m_service.obj
C:\SVN\Mimikatz2\mimikatz\x64\kuhl_m_standard.obj
C:\SVN\Mimikatz2\mimikatz\x64\kuhl_m_token.obj
C:\SVN\Mimikatz2\mimikatz\x64\kuhl_m_ts.obj
C:\SVN\Mimikatz2\mimikatz\x64\kuhl_m_vault.obj
C:\SVN\Mimikatz2\mimikatz\x64\kull_m_asn1.obj
C:\SVN\Mimikatz2\mimikatz\x64\kull_m_file.obj
C:\SVN\Mimikatz2\mimikatz\x64\kull_m_handle.obj
C:\SVN\Mimikatz2\mimikatz\x64\kull_m_kernel.obj
C:\SVN\Mimikatz2\mimikatz\x64\kull_m_memory.obj
C:\SVN\Mimikatz2\mimikatz\x64\kull_m_minidump.obj
C:\SVN\Mimikatz2\mimikatz\x64\kull_m_net.obj
C:\SVN\Mimikatz2\mimikatz\x64\kull_m_output.obj
C:\SVN\Mimikatz2\mimikatz\x64\kull_m_patch.obj
C:\SVN\Mimikatz2\mimikatz\x64\kull_m_process.obj
C:\SVN\Mimikatz2\mimikatz\x64\kull_m_registry.obj
C:\SVN\Mimikatz2\mimikatz\x64\kull_m_service.obj
C:\SVN\Mimikatz2\mimikatz\x64\kull_m_string.obj
C:\SVN\Mimikatz2\mimikatz\x64\kull_m_token.obj
C:\SVN\Mimikatz2\mimikatz\x64\mimikatz.obj
C:\SVN\Mimikatz2\mimikatz\x64\cl.command.1.tlog
C:\SVN\Mimikatz2\mimikatz\x64\CL.read.1.tlog
C:\SVN\Mimikatz2\mimikatz\x64\CL.write.1.tlog
C:\SVN\Mimikatz2\mimikatz\x64\link-cvtres.read.1.tlog
C:\SVN\Mimikatz2\mimikatz\x64\link-cvtres.write.1.tlog
C:\SVN\Mimikatz2\mimikatz\x64\link.command.1.tlog
C:\SVN\Mimikatz2\mimikatz\x64\link.read.1.tlog
C:\SVN\Mimikatz2\mimikatz\x64\link.write.1.tlog
C:\SVN\Mimikatz2\mimikatz\x64\mimikatz.write.1.tlog
C:\SVN\Mimikatz2\mimikatz\x64\rc.command.1.tlog
C:\SVN\Mimikatz2\mimikatz\x64\rc.read.1.tlog
C:\SVN\Mimikatz2\mimikatz\x64\rc.write.1.tlog
C:\SVN\Mimikatz2\mimikatz\x64\mimikatz.res
C:\SVN\Mimikatz2\mimikatz\x64\vcddk2003.pdb
C:\SVN\Mimikatz2\x64\mimikatz.dll
