C:\USERS\JOE.HOME\DOCUMENTS\GITHUB\POWERSHELL\INVOKE-REFLECTIVEDLLINJECTION\DEMODLL\DEMODLL\X64\DEBUG\DEMODLL.PCH
C:\USERS\JOE.HOME\DOCUMENTS\GITHUB\POWERSHELL\INVOKE-REFLECTIVEDLLINJECTION\DEMODLL\DEMODLL\X64\DEBUG\STDAFX.OBJ
C:\USERS\JOE.HOME\DOCUMENTS\GITHUB\POWERSHELL\INVOKE-REFLECTIVEDLLINJECTION\DEMODLL\DEMODLL\X64\DEBUG\VC100.PDB
C:\USERS\JOE.HOME\DOCUMENTS\GITHUB\POWERSHELL\INVOKE-REFLECTIVEDLLINJECTION\DEMODLL\DEMODLL\X64\DEBUG\DEMODLL.OBJ
C:\USERS\JOE.HOME\DOCUMENTS\GITHUB\POWERSHELL\INVOKE-REFLECTIVEDLLINJECTION\DEMODLL\DEMODLL\X64\DEBUG\DLLMAIN.OBJ
C:\Users\joe.HOME\Documents\GitHub\PowerShell\Invoke-ReflectiveDllInjection\DemoDLL\x64\Debug\DemoDLL.lib
C:\Users\joe.HOME\Documents\GitHub\PowerShell\Invoke-ReflectiveDllInjection\DemoDLL\x64\Debug\DemoDLL.exp
C:\USERS\JOE.HOME\DOCUMENTS\GITHUB\POWERSHELL\INVOKE-REFLECTIVEDLLINJECTION\DEMODLL\X64\DEBUG\DEMODLL.ILK
C:\USERS\JOE.HOME\DOCUMENTS\GITHUB\POWERSHELL\INVOKE-REFLECTIVEDLLINJECTION\DEMODLL\X64\DEBUG\DEMODLL.DLL
C:\USERS\JOE.HOME\DOCUMENTS\GITHUB\POWERSHELL\INVOKE-REFLECTIVEDLLINJECTION\DEMODLL\DEMODLL\X64\DEBUG\DEMODLL.DLL.INTERMEDIATE.MANIFEST
C:\USERS\JOE.HOME\DOCUMENTS\GITHUB\POWERSHELL\INVOKE-REFLECTIVEDLLINJECTION\DEMODLL\X64\DEBUG\DEMODLL.PDB
C:\USERS\JOE.HOME\DOCUMENTS\GITHUB\POWERSHELL\INVOKE-REFLECTIVEDLLINJECTION\DEMODLL\DEMODLL\X64\DEBUG\DEMODLL.DLL.EMBED.MANIFEST
C:\USERS\JOE.HOME\DOCUMENTS\GITHUB\POWERSHELL\INVOKE-REFLECTIVEDLLINJECTION\DEMODLL\DEMODLL\X64\DEBUG\DEMODLL.DLL.EMBED.MANIFEST.RES
C:\Users\joe.HOME\Documents\GitHub\PowerShell\Invoke-ReflectiveDllInjection\DemoDLL\DemoDLL\x64\Debug\DemoDLL.obj
C:\Users\joe.HOME\Documents\GitHub\PowerShell\Invoke-ReflectiveDllInjection\DemoDLL\DemoDLL\x64\Debug\dllmain.obj
C:\Users\joe.HOME\Documents\GitHub\PowerShell\Invoke-ReflectiveDllInjection\DemoDLL\DemoDLL\x64\Debug\stdafx.obj
C:\Users\joe.HOME\Documents\GitHub\PowerShell\Invoke-ReflectiveDllInjection\DemoDLL\DemoDLL\x64\Debug\cl.command.1.tlog
C:\Users\joe.HOME\Documents\GitHub\PowerShell\Invoke-ReflectiveDllInjection\DemoDLL\DemoDLL\x64\Debug\CL.read.1.tlog
C:\Users\joe.HOME\Documents\GitHub\PowerShell\Invoke-ReflectiveDllInjection\DemoDLL\DemoDLL\x64\Debug\CL.write.1.tlog
C:\Users\joe.HOME\Documents\GitHub\PowerShell\Invoke-ReflectiveDllInjection\DemoDLL\DemoDLL\x64\Debug\DemoDLL.write.1.tlog
C:\Users\joe.HOME\Documents\GitHub\PowerShell\Invoke-ReflectiveDllInjection\DemoDLL\DemoDLL\x64\Debug\link-cvtres.read.1.tlog
C:\Users\joe.HOME\Documents\GitHub\PowerShell\Invoke-ReflectiveDllInjection\DemoDLL\DemoDLL\x64\Debug\link-cvtres.write.1.tlog
C:\Users\joe.HOME\Documents\GitHub\PowerShell\Invoke-ReflectiveDllInjection\DemoDLL\DemoDLL\x64\Debug\link.2556-cvtres.read.1.tlog
C:\Users\joe.HOME\Documents\GitHub\PowerShell\Invoke-ReflectiveDllInjection\DemoDLL\DemoDLL\x64\Debug\link.2556-cvtres.write.1.tlog
C:\Users\joe.HOME\Documents\GitHub\PowerShell\Invoke-ReflectiveDllInjection\DemoDLL\DemoDLL\x64\Debug\link.2556.read.1.tlog
C:\Users\joe.HOME\Documents\GitHub\PowerShell\Invoke-ReflectiveDllInjection\DemoDLL\DemoDLL\x64\Debug\link.2556.write.1.tlog
C:\Users\joe.HOME\Documents\GitHub\PowerShell\Invoke-ReflectiveDllInjection\DemoDLL\DemoDLL\x64\Debug\link.command.1.tlog
C:\Users\joe.HOME\Documents\GitHub\PowerShell\Invoke-ReflectiveDllInjection\DemoDLL\DemoDLL\x64\Debug\link.read.1.tlog
C:\Users\joe.HOME\Documents\GitHub\PowerShell\Invoke-ReflectiveDllInjection\DemoDLL\DemoDLL\x64\Debug\link.write.1.tlog
C:\Users\joe.HOME\Documents\GitHub\PowerShell\Invoke-ReflectiveDllInjection\DemoDLL\DemoDLL\x64\Debug\mt.command.1.tlog
C:\Users\joe.HOME\Documents\GitHub\PowerShell\Invoke-ReflectiveDllInjection\DemoDLL\DemoDLL\x64\Debug\mt.read.1.tlog
C:\Users\joe.HOME\Documents\GitHub\PowerShell\Invoke-ReflectiveDllInjection\DemoDLL\DemoDLL\x64\Debug\mt.write.1.tlog
C:\Users\joe.HOME\Documents\GitHub\PowerShell\Invoke-ReflectiveDllInjection\DemoDLL\DemoDLL\x64\Debug\rc.command.1.tlog
C:\Users\joe.HOME\Documents\GitHub\PowerShell\Invoke-ReflectiveDllInjection\DemoDLL\DemoDLL\x64\Debug\rc.read.1.tlog
C:\Users\joe.HOME\Documents\GitHub\PowerShell\Invoke-ReflectiveDllInjection\DemoDLL\DemoDLL\x64\Debug\rc.write.1.tlog
C:\Users\joe.HOME\Documents\GitHub\PowerShell\Invoke-ReflectiveDllInjection\DemoDLL\DemoDLL\x64\Debug\DemoDLL.dll.embed.manifest
C:\Users\joe.HOME\Documents\GitHub\PowerShell\Invoke-ReflectiveDllInjection\DemoDLL\DemoDLL\x64\Debug\DemoDLL.dll.intermediate.manifest
C:\Users\joe.HOME\Documents\GitHub\PowerShell\Invoke-ReflectiveDllInjection\DemoDLL\DemoDLL\x64\Debug\DemoDLL.dll.embed.manifest.res
C:\Users\joe.HOME\Documents\GitHub\PowerShell\Invoke-ReflectiveDllInjection\DemoDLL\DemoDLL\x64\Debug\DemoDLL.pch
C:\Users\joe.HOME\Documents\GitHub\PowerShell\Invoke-ReflectiveDllInjection\DemoDLL\DemoDLL\x64\Debug\vc100.idb
C:\Users\joe.HOME\Documents\GitHub\PowerShell\Invoke-ReflectiveDllInjection\DemoDLL\DemoDLL\x64\Debug\vc100.pdb
C:\Users\joe.HOME\Documents\GitHub\PowerShell\Invoke-ReflectiveDllInjection\DemoDLL\DemoDLL\x64\Debug\DemoDLL_manifest.rc
C:\Users\joe.HOME\Documents\GitHub\PowerShell\Invoke-ReflectiveDllInjection\DemoDLL\x64\Debug\DemoDLL.pdb
C:\Users\joe.HOME\Documents\GitHub\PowerShell\Invoke-ReflectiveDllInjection\DemoDLL\x64\Debug\DemoDLL.dll
C:\Users\joe.HOME\Documents\GitHub\PowerShell\Invoke-ReflectiveDllInjection\DemoDLL\x64\Debug\DemoDLL.ilk
