C:\PROGRAMMING\DEMODLL\DEBUG\DEMODLL.DLL
C:\Programming\DemoDLL\Debug\DemoDLL.exp
C:\PROGRAMMING\DEMODLL\DEBUG\DEMODLL.ILK
C:\Programming\DemoDLL\Debug\DemoDLL.lib
C:\PROGRAMMING\DEMODLL\DEBUG\DEMODLL.PDB
C:\Programming\DemoDLL\DemoDLL\Debug\cl.command.1.tlog
C:\Programming\DemoDLL\DemoDLL\Debug\CL.read.1.tlog
C:\Programming\DemoDLL\DemoDLL\Debug\CL.write.1.tlog
C:\PROGRAMMING\DEMODLL\DEMODLL\DEBUG\DEMODLL.DLL.EMBED.MANIFEST
C:\PROGRAMMING\DEMODLL\DEMODLL\DEBUG\DEMODLL.DLL.EMBED.MANIFEST.RES
C:\PROGRAMMING\DEMODLL\DEMODLL\DEBUG\DEMODLL.DLL.INTERMEDIATE.MANIFEST
C:\PROGRAMMING\DEMODLL\DEMODLL\DEBUG\DEMODLL.OBJ
C:\PROGRAMMING\DEMODLL\DEMODLL\DEBUG\DEMODLL.PCH
C:\Programming\DemoDLL\DemoDLL\Debug\DemoDLL.vcxprojResolveAssemblyReference.cache
C:\Programming\DemoDLL\DemoDLL\Debug\DemoDLL.write.1.tlog
C:\Programming\DemoDLL\DemoDLL\Debug\DemoDLL_manifest.rc
C:\PROGRAMMING\DEMODLL\DEMODLL\DEBUG\DLLMAIN.OBJ
C:\Programming\DemoDLL\DemoDLL\Debug\link.4820.read.1.tlog
C:\Programming\DemoDLL\DemoDLL\Debug\link.4820.write.1.tlog
C:\Programming\DemoDLL\DemoDLL\Debug\link.4820-cvtres.read.1.tlog
C:\Programming\DemoDLL\DemoDLL\Debug\link.4820-cvtres.write.1.tlog
C:\Programming\DemoDLL\DemoDLL\Debug\link.command.1.tlog
C:\Programming\DemoDLL\DemoDLL\Debug\link.read.1.tlog
C:\Programming\DemoDLL\DemoDLL\Debug\link.write.1.tlog
C:\Programming\DemoDLL\DemoDLL\Debug\link-cvtres.read.1.tlog
C:\Programming\DemoDLL\DemoDLL\Debug\link-cvtres.write.1.tlog
C:\Programming\DemoDLL\DemoDLL\Debug\mt.command.1.tlog
C:\Programming\DemoDLL\DemoDLL\Debug\mt.read.1.tlog
C:\Programming\DemoDLL\DemoDLL\Debug\mt.write.1.tlog
C:\Programming\DemoDLL\DemoDLL\Debug\rc.command.1.tlog
C:\Programming\DemoDLL\DemoDLL\Debug\rc.read.1.tlog
C:\Programming\DemoDLL\DemoDLL\Debug\rc.write.1.tlog
C:\PROGRAMMING\DEMODLL\DEMODLL\DEBUG\STDAFX.OBJ
C:\Programming\DemoDLL\DemoDLL\Debug\vc100.idb
C:\PROGRAMMING\DEMODLL\DEMODLL\DEBUG\VC100.PDB
