C:\SVN\MIMIKATZ2\MIMILIB\WIN32\VCDDK2003.PDB
C:\SVN\MIMIKATZ2\MIMILIB\WIN32\UTILS.OBJ
C:\SVN\MIMIKATZ2\MIMILIB\WIN32\KWINDBG.OBJ
C:\SVN\MIMIKATZ2\MIMILIB\WIN32\KUHL_M_SEKURLSA_UTILS.OBJ
C:\SVN\MIMIKATZ2\MIMILIB\WIN32\KUHL_M_SEKURLSA_PACKAGES.OBJ
C:\SVN\MIMIKATZ2\MIMILIB\WIN32\KUHL_M_SEKURLSA_NT6.OBJ
C:\SVN\MIMIKATZ2\MIMILIB\WIN32\KSSP.OBJ
C:\SVN\MIMIKATZ2\MIMILIB\WIN32\KFILT.OBJ
C:\SVN\MIMIKATZ2\MIMILIB\WIN32\KAPPFREE.OBJ
C:\SVN\MIMIKATZ2\WIN32\MIMILIB.DLL
C:\SVN\Mimikatz2\Win32\mimilib.lib
C:\SVN\Mimikatz2\Win32\mimilib.exp
C:\SVN\MIMIKATZ2\MIMILIB\WIN32\MIMILIB.RES
C:\SVN\Mimikatz2\mimilib\Win32\kappfree.obj
C:\SVN\Mimikatz2\mimilib\Win32\kfilt.obj
C:\SVN\Mimikatz2\mimilib\Win32\kssp.obj
C:\SVN\Mimikatz2\mimilib\Win32\kuhl_m_sekurlsa_nt6.obj
C:\SVN\Mimikatz2\mimilib\Win32\kuhl_m_sekurlsa_packages.obj
C:\SVN\Mimikatz2\mimilib\Win32\kuhl_m_sekurlsa_utils.obj
C:\SVN\Mimikatz2\mimilib\Win32\kwindbg.obj
C:\SVN\Mimikatz2\mimilib\Win32\utils.obj
C:\SVN\Mimikatz2\mimilib\Win32\cl.command.1.tlog
C:\SVN\Mimikatz2\mimilib\Win32\CL.read.1.tlog
C:\SVN\Mimikatz2\mimilib\Win32\CL.write.1.tlog
C:\SVN\Mimikatz2\mimilib\Win32\link-cvtres.read.1.tlog
C:\SVN\Mimikatz2\mimilib\Win32\link-cvtres.write.1.tlog
C:\SVN\Mimikatz2\mimilib\Win32\link.command.1.tlog
C:\SVN\Mimikatz2\mimilib\Win32\link.read.1.tlog
C:\SVN\Mimikatz2\mimilib\Win32\link.write.1.tlog
C:\SVN\Mimikatz2\mimilib\Win32\mimilib.write.1.tlog
C:\SVN\Mimikatz2\mimilib\Win32\rc.command.1.tlog
C:\SVN\Mimikatz2\mimilib\Win32\rc.read.1.tlog
C:\SVN\Mimikatz2\mimilib\Win32\rc.write.1.tlog
C:\SVN\Mimikatz2\mimilib\Win32\mimilib.res
C:\SVN\Mimikatz2\mimilib\Win32\vcddk2003.pdb
C:\SVN\Mimikatz2\Win32\mimilib.dll
